Copyright 1986-2017 Xilinx, Inc. All Rights Reserved.
-------------------------------------------------------------------------------------------
| Tool Version : Vivado v.2017.1 (lin64) Build 1846317 Fri Apr 14 18:54:47 MDT 2017
| Date         : Fri Jun  9 05:56:36 2017
| Host         : localhost.localdomain running 64-bit CentOS Linux release 7.2.1511 (Core)
| Command      : report_timing -file ./report/simple_adder_timing_synth.rpt
| Design       : simple_adder
| Device       : 7z020-clg484
| Speed File   : -1  PRODUCTION 1.11 2014-09-11
-------------------------------------------------------------------------------------------

Timing Report

Slack (MET) :             6.349ns  (required time - arrival time)
  Source:                 a[1]
                            (input port)
  Destination:            ap_return[29]
  Path Group:             **default**
  Path Type:              Max at Slow Process Corner
  Requirement:            10.000ns  (MaxDelay Path 10.000ns)
  Data Path Delay:        3.651ns  (logic 1.696ns (46.453%)  route 1.955ns (53.547%))
  Logic Levels:           9  (CARRY4=8 LUT2=1)
  Output Delay:           0.000ns
  Timing Exception:       MaxDelay Path 10.000ns

    Location             Delay type                Incr(ns)  Path(ns)    Netlist Resource(s)
  -------------------------------------------------------------------    -------------------
                                                      0.000     0.000 r  a[1] (IN)
                         net (fo=0)                   0.973     0.973    a[1]
                         LUT2 (Prop_lut2_I1_O)        0.124     1.097 r  ap_return[0]_INST_0_i_3/O
                         net (fo=1, unplaced)         0.000     1.097    ap_return[0]_INST_0_i_3_n_0
                         CARRY4 (Prop_carry4_S[1]_CO[3])
                                                      0.533     1.630 r  ap_return[0]_INST_0/CO[3]
                         net (fo=1, unplaced)         0.009     1.639    ap_return[0]_INST_0_n_0
                         CARRY4 (Prop_carry4_CI_CO[3])
                                                      0.117     1.756 r  ap_return[4]_INST_0/CO[3]
                         net (fo=1, unplaced)         0.000     1.756    ap_return[4]_INST_0_n_0
                         CARRY4 (Prop_carry4_CI_CO[3])
                                                      0.117     1.873 r  ap_return[8]_INST_0/CO[3]
                         net (fo=1, unplaced)         0.000     1.873    ap_return[8]_INST_0_n_0
                         CARRY4 (Prop_carry4_CI_CO[3])
                                                      0.117     1.990 r  ap_return[12]_INST_0/CO[3]
                         net (fo=1, unplaced)         0.000     1.990    ap_return[12]_INST_0_n_0
                         CARRY4 (Prop_carry4_CI_CO[3])
                                                      0.117     2.107 r  ap_return[16]_INST_0/CO[3]
                         net (fo=1, unplaced)         0.000     2.107    ap_return[16]_INST_0_n_0
                         CARRY4 (Prop_carry4_CI_CO[3])
                                                      0.117     2.224 r  ap_return[20]_INST_0/CO[3]
                         net (fo=1, unplaced)         0.000     2.224    ap_return[20]_INST_0_n_0
                         CARRY4 (Prop_carry4_CI_CO[3])
                                                      0.117     2.341 r  ap_return[24]_INST_0/CO[3]
                         net (fo=1, unplaced)         0.000     2.341    ap_return[24]_INST_0_n_0
                         CARRY4 (Prop_carry4_CI_O[1])
                                                      0.337     2.678 r  ap_return[28]_INST_0/O[1]
                         net (fo=0)                   0.973     3.651    ap_return[29]
                                                                      r  ap_return[29] (OUT)
  -------------------------------------------------------------------    -------------------

                         max delay                   10.000    10.000    
                         clock pessimism              0.000    10.000    
                         output delay                -0.000    10.000    
  -------------------------------------------------------------------
                         required time                         10.000    
                         arrival time                          -3.651    
  -------------------------------------------------------------------
                         slack                                  6.349    




